<?xml version="1.0" encoding="UTF-8"?>
<testng-results ignored="0" total="1" passed="0" failed="1" skipped="0">
  <reporter-output>
  </reporter-output>
  <suite started-at="2024-04-17T17:38:25 IST" name="Default suite" finished-at="2024-04-17T17:38:48 IST" duration-ms="22564">
    <groups>
      <group name="cucumber">
        <method signature="AbstractTestNGCucumberTests.runScenario(io.cucumber.testng.PickleWrapper,io.cucumber.testng.FeatureWrapper)[pri:0, instance:MbTestRunner.TestRunner@452e19ca]" name="runScenario" class="io.cucumber.testng.AbstractTestNGCucumberTests"/>
      </group> <!-- cucumber -->
    </groups>
    <test started-at="2024-04-17T17:38:25 IST" name="Default test" finished-at="2024-04-17T17:38:48 IST" duration-ms="22564">
      <class name="MbTestRunner.TestRunner">
        <test-method is-config="true" signature="setUpClass(org.testng.ITestContext)[pri:0, instance:MbTestRunner.TestRunner@452e19ca]" started-at="2024-04-17T17:38:25 IST" name="setUpClass" finished-at="2024-04-17T17:38:26 IST" duration-ms="466" status="PASS">
          <params>
            <param index="0">
              <value>
                <![CDATA[org.testng.TestRunner@30e9ca13]]>
              </value>
            </param>
          </params>
          <reporter-output>
          </reporter-output>
        </test-method> <!-- setUpClass -->
        <test-method signature="runScenario(io.cucumber.testng.PickleWrapper,io.cucumber.testng.FeatureWrapper)[pri:0, instance:MbTestRunner.TestRunner@452e19ca]" started-at="2024-04-17T17:38:26 IST" name="runScenario" description="Runs Cucumber Scenarios" data-provider="scenarios" finished-at="2024-04-17T17:38:48 IST" duration-ms="21999" status="FAIL">
          <params>
            <param index="0">
              <value>
                <![CDATA["Enquire Now form"]]>
              </value>
            </param>
            <param index="1">
              <value>
                <![CDATA["Magicbricks Property Services"]]>
              </value>
            </param>
          </params>
          <exception class="io.cucumber.core.runner.AmbiguousStepDefinitionsException">
            <message>
              <![CDATA["User fills the enquire now form with the following Your Name, Your Email, Your Mobile Number and Write your question" matches more than one step definition:
  "User fills the enquire now form with the following Your Name, Your Email, Your Mobile Number and Write your question" in MbStepDefinition.Step_Definition.user_fills_the_enquire_now_form_with_your_name_your_email_your_mobile_number_and_write_your_question(io.cucumber.datatable.DataTable)
  "^User fills the enquire now form with (.*), (.*) and (.*)$" in MbStepDefinition.Step_Definition.user_fills_the_enquire_now_form_with_and(java.lang.String,java.lang.String,java.lang.String)]]>
            </message>
            <full-stacktrace>
              <![CDATA[io.cucumber.core.runner.AmbiguousStepDefinitionsException: "User fills the enquire now form with the following Your Name, Your Email, Your Mobile Number and Write your question" matches more than one step definition:
  "User fills the enquire now form with the following Your Name, Your Email, Your Mobile Number and Write your question" in MbStepDefinition.Step_Definition.user_fills_the_enquire_now_form_with_your_name_your_email_your_mobile_number_and_write_your_question(io.cucumber.datatable.DataTable)
  "^User fills the enquire now form with (.*), (.*) and (.*)$" in MbStepDefinition.Step_Definition.user_fills_the_enquire_now_form_with_and(java.lang.String,java.lang.String,java.lang.String)
at io.cucumber.core.runner.CachingGlue.findStepDefinitionMatch(CachingGlue.java:406)
at io.cucumber.core.runner.CachingGlue.stepDefinitionMatch(CachingGlue.java:374)
at io.cucumber.core.runner.Runner.matchStepToStepDefinition(Runner.java:183)
at io.cucumber.core.runner.Runner.createTestStepsForPickleSteps(Runner.java:163)
at io.cucumber.core.runner.Runner.createTestCaseForPickle(Runner.java:146)
at io.cucumber.core.runner.Runner.runPickle(Runner.java:74)
at io.cucumber.testng.TestNGCucumberRunner.lambda$runScenario$1(TestNGCucumberRunner.java:132)
at io.cucumber.core.runtime.CucumberExecutionContext.lambda$runTestCase$5(CucumberExecutionContext.java:136)
at io.cucumber.core.runtime.RethrowingThrowableCollector.executeAndThrow(RethrowingThrowableCollector.java:23)
at io.cucumber.core.runtime.CucumberExecutionContext.runTestCase(CucumberExecutionContext.java:136)
at io.cucumber.testng.TestNGCucumberRunner.runScenario(TestNGCucumberRunner.java:129)
at io.cucumber.testng.AbstractTestNGCucumberTests.runScenario(AbstractTestNGCucumberTests.java:35)
at java.base/jdk.internal.reflect.NativeMethodAccessorImpl.invoke0(Native Method)
at java.base/jdk.internal.reflect.NativeMethodAccessorImpl.invoke(NativeMethodAccessorImpl.java:77)
at java.base/jdk.internal.reflect.DelegatingMethodAccessorImpl.invoke(DelegatingMethodAccessorImpl.java:43)
at java.base/java.lang.reflect.Method.invoke(Method.java:568)
at org.testng.internal.invokers.MethodInvocationHelper.invokeMethod(MethodInvocationHelper.java:139)
at org.testng.internal.invokers.TestInvoker.invokeMethod(TestInvoker.java:664)
at org.testng.internal.invokers.TestInvoker.invokeTestMethod(TestInvoker.java:228)
at org.testng.internal.invokers.MethodRunner.runInSequence(MethodRunner.java:63)
at org.testng.internal.invokers.TestInvoker$MethodInvocationAgent.invoke(TestInvoker.java:961)
at org.testng.internal.invokers.TestInvoker.invokeTestMethods(TestInvoker.java:201)
at org.testng.internal.invokers.TestMethodWorker.invokeTestMethods(TestMethodWorker.java:148)
at org.testng.internal.invokers.TestMethodWorker.run(TestMethodWorker.java:128)
at java.base/java.util.ArrayList.forEach(ArrayList.java:1511)
at org.testng.TestRunner.privateRun(TestRunner.java:819)
at org.testng.TestRunner.run(TestRunner.java:619)
at org.testng.SuiteRunner.runTest(SuiteRunner.java:443)
at org.testng.SuiteRunner.runSequentially(SuiteRunner.java:437)
at org.testng.SuiteRunner.privateRun(SuiteRunner.java:397)
at org.testng.SuiteRunner.run(SuiteRunner.java:336)
at org.testng.SuiteRunnerWorker.runSuite(SuiteRunnerWorker.java:52)
at org.testng.SuiteRunnerWorker.run(SuiteRunnerWorker.java:95)
at org.testng.TestNG.runSuitesSequentially(TestNG.java:1301)
at org.testng.TestNG.runSuitesLocally(TestNG.java:1228)
at org.testng.TestNG.runSuites(TestNG.java:1134)
at org.testng.TestNG.run(TestNG.java:1101)
at org.testng.remote.AbstractRemoteTestNG.run(AbstractRemoteTestNG.java:115)
at org.testng.remote.RemoteTestNG.initAndRun(RemoteTestNG.java:251)
at org.testng.remote.RemoteTestNG.main(RemoteTestNG.java:77)
]]>
            </full-stacktrace>
          </exception> <!-- io.cucumber.core.runner.AmbiguousStepDefinitionsException -->
          <reporter-output>
          </reporter-output>
        </test-method> <!-- runScenario -->
        <test-method is-config="true" signature="tearDownClass()[pri:0, instance:MbTestRunner.TestRunner@452e19ca]" started-at="2024-04-17T17:38:48 IST" name="tearDownClass" finished-at="2024-04-17T17:38:48 IST" duration-ms="4" status="PASS">
          <reporter-output>
          </reporter-output>
        </test-method> <!-- tearDownClass -->
      </class> <!-- MbTestRunner.TestRunner -->
    </test> <!-- Default test -->
  </suite> <!-- Default suite -->
</testng-results>
